# JRE version: Java(TM) SE Runtime Environment (21.0.5+9) (build 21.0.5+9-LTS-239)
# Java VM: Java HotSpot(TM) 64-Bit Server VM (21.0.5+9-LTS-239, mixed mode, emulated-client, sharing, tiered, compressed oops, compressed class ptrs, g1 gc, windows-amd64)
GC Precious Log:
 CardTable entry size: 512
 Card Set container configuration: InlinePtr #cards 4 size 8 Array Of Cards #cards 16 size 48 Howl #buckets 8 coarsen threshold 3686 Howl Bitmap #cards 512 size 80 coarsen threshold 460 Card regions per heap region 1 cards per card region 4096
 CPUs: 16 total, 16 available
 Memory: 16087M
 Large Page Support: Disabled
 NUMA Support: Disabled
 Compressed Oops: Enabled (Zero based)
 Heap Region Size: 2M
 Heap Min Capacity: 8M
 Heap Initial Capacity: 252M
 Heap Max Capacity: 4022M
 Pre-touch: Disabled
 Parallel Workers: 13
 Concurrent Workers: 3
 Concurrent Refinement Workers: 13
 Periodic GC: Disabled
Heap:
 garbage-first heap   total 110592K, used 92694K [0x0000000704a00000, 0x0000000800000000)
  region size 2048K, 29 young (59392K), 1 survivors (2048K)
 Metaspace       used 85767K, committed 87360K, reserved 1179648K
  class space    used 11574K, committed 12288K, reserved 1048576K
GC Heap History (20 events):
Event: 25483.242 GC heap after
{Heap after GC invocations=357 (full 35):
 garbage-first heap   total 131072K, used 33726K [0x0000000704a00000, 0x0000000800000000)
  region size 2048K, 1 young (2048K), 1 survivors (2048K)
 Metaspace       used 85579K, committed 87360K, reserved 1179648K
  class space    used 11533K, committed 12288K, reserved 1048576K
}
Event: 25576.392 GC heap before
{Heap before GC invocations=358 (full 35):
 garbage-first heap   total 131072K, used 109502K [0x0000000704a00000, 0x0000000800000000)
  region size 2048K, 38 young (77824K), 1 survivors (2048K)
 Metaspace       used 85581K, committed 87360K, reserved 1179648K
  class space    used 11533K, committed 12288K, reserved 1048576K
}
Event: 25576.396 GC heap after
{Heap after GC invocations=359 (full 35):
 garbage-first heap   total 131072K, used 33932K [0x0000000704a00000, 0x0000000800000000)
  region size 2048K, 1 young (2048K), 1 survivors (2048K)
 Metaspace       used 85581K, committed 87360K, reserved 1179648K
  class space    used 11533K, committed 12288K, reserved 1048576K
}
Event: 25696.758 GC heap before
{Heap before GC invocations=359 (full 35):
 garbage-first heap   total 131072K, used 109708K [0x0000000704a00000, 0x0000000800000000)
  region size 2048K, 38 young (77824K), 1 survivors (2048K)
 Metaspace       used 85591K, committed 87360K, reserved 1179648K
  class space    used 11535K, committed 12288K, reserved 1048576K
}
Event: 25696.761 GC heap after
{Heap after GC invocations=360 (full 35):
 garbage-first heap   total 131072K, used 33859K [0x0000000704a00000, 0x0000000800000000)
  region size 2048K, 1 young (2048K), 1 survivors (2048K)
 Metaspace       used 85591K, committed 87360K, reserved 1179648K
  class space    used 11535K, committed 12288K, reserved 1048576K
}
Event: 25802.567 GC heap before
{Heap before GC invocations=360 (full 35):
 garbage-first heap   total 131072K, used 109635K [0x0000000704a00000, 0x0000000800000000)
  region size 2048K, 38 young (77824K), 1 survivors (2048K)
 Metaspace       used 85591K, committed 87360K, reserved 1179648K
  class space    used 11535K, committed 12288K, reserved 1048576K
}
Event: 25802.568 GC heap after
{Heap after GC invocations=361 (full 35):
 garbage-first heap   total 131072K, used 33699K [0x0000000704a00000, 0x0000000800000000)
  region size 2048K, 1 young (2048K), 1 survivors (2048K)
 Metaspace       used 85591K, committed 87360K, reserved 1179648K
  class space    used 11535K, committed 12288K, reserved 1048576K
}
Event: 25912.427 GC heap before
{Heap before GC invocations=362 (full 35):
 garbage-first heap   total 131072K, used 109475K [0x0000000704a00000, 0x0000000800000000)
  region size 2048K, 38 young (77824K), 1 survivors (2048K)
 Metaspace       used 85591K, committed 87360K, reserved 1179648K
  class space    used 11535K, committed 12288K, reserved 1048576K
}
Event: 25912.428 GC heap after
{Heap after GC invocations=363 (full 35):
 garbage-first heap   total 131072K, used 34288K [0x0000000704a00000, 0x0000000800000000)
  region size 2048K, 1 young (2048K), 1 survivors (2048K)
 Metaspace       used 85591K, committed 87360K, reserved 1179648K
  class space    used 11535K, committed 12288K, reserved 1048576K
}
Event: 26032.609 GC heap before
{Heap before GC invocations=363 (full 35):
 garbage-first heap   total 131072K, used 110064K [0x0000000704a00000, 0x0000000800000000)
  region size 2048K, 38 young (77824K), 1 survivors (2048K)
 Metaspace       used 85591K, committed 87360K, reserved 1179648K
  class space    used 11535K, committed 12288K, reserved 1048576K
}
Event: 26032.648 GC heap after
{Heap after GC invocations=364 (full 35):
 garbage-first heap   total 131072K, used 34164K [0x0000000704a00000, 0x0000000800000000)
  region size 2048K, 1 young (2048K), 1 survivors (2048K)
 Metaspace       used 85591K, committed 87360K, reserved 1179648K
  class space    used 11535K, committed 12288K, reserved 1048576K
}
Event: 26152.619 GC heap before
{Heap before GC invocations=364 (full 35):
 garbage-first heap   total 131072K, used 109940K [0x0000000704a00000, 0x0000000800000000)
  region size 2048K, 38 young (77824K), 1 survivors (2048K)
 Metaspace       used 85591K, committed 87360K, reserved 1179648K
  class space    used 11535K, committed 12288K, reserved 1048576K
}
Event: 26152.620 GC heap after
{Heap after GC invocations=365 (full 35):
 garbage-first heap   total 131072K, used 34262K [0x0000000704a00000, 0x0000000800000000)
  region size 2048K, 1 young (2048K), 1 survivors (2048K)
 Metaspace       used 85591K, committed 87360K, reserved 1179648K
  class space    used 11535K, committed 12288K, reserved 1048576K
}
Event: 26176.378 GC heap before
{Heap before GC invocations=366 (full 35):
 garbage-first heap   total 131072K, used 50646K [0x0000000704a00000, 0x0000000800000000)
  region size 2048K, 10 young (20480K), 1 survivors (2048K)
 Metaspace       used 85590K, committed 87360K, reserved 1179648K
  class space    used 11535K, committed 12288K, reserved 1048576K
}
Event: 26176.401 GC heap after
{Heap after GC invocations=367 (full 36):
 garbage-first heap   total 110592K, used 29794K [0x0000000704a00000, 0x0000000800000000)
  region size 2048K, 0 young (0K), 0 survivors (0K)
 Metaspace       used 85528K, committed 87360K, reserved 1179648K
  class space    used 11524K, committed 12288K, reserved 1048576K
}
Event: 26176.742 GC heap before
{Heap before GC invocations=367 (full 36):
 garbage-first heap   total 110592K, used 64610K [0x0000000704a00000, 0x0000000800000000)
  region size 2048K, 19 young (38912K), 0 survivors (0K)
 Metaspace       used 85664K, committed 87360K, reserved 1179648K
  class space    used 11555K, committed 12288K, reserved 1048576K
}
Event: 26176.743 GC heap after
{Heap after GC invocations=368 (full 36):
 garbage-first heap   total 110592K, used 33937K [0x0000000704a00000, 0x0000000800000000)
  region size 2048K, 3 young (6144K), 3 survivors (6144K)
 Metaspace       used 85664K, committed 87360K, reserved 1179648K
  class space    used 11555K, committed 12288K, reserved 1048576K
}
Event: 26249.390 GC heap before
{Heap before GC invocations=369 (full 36):
 garbage-first heap   total 110592K, used 91281K [0x0000000704a00000, 0x0000000800000000)
  region size 2048K, 31 young (63488K), 3 survivors (6144K)
 Metaspace       used 85766K, committed 87360K, reserved 1179648K
  class space    used 11573K, committed 12288K, reserved 1048576K
}
Event: 26249.395 GC heap after
{Heap after GC invocations=370 (full 36):
 garbage-first heap   total 110592K, used 35350K [0x0000000704a00000, 0x0000000800000000)
  region size 2048K, 3 young (6144K), 3 survivors (6144K)
 Metaspace       used 85766K, committed 87360K, reserved 1179648K
  class space    used 11573K, committed 12288K, reserved 1048576K
}
Event: 26352.200 GC heap before
{Heap before GC invocations=370 (full 36):
 garbage-first heap   total 110592K, used 92694K [0x0000000704a00000, 0x0000000800000000)
  region size 2048K, 31 young (63488K), 3 survivors (6144K)
 Metaspace       used 85767K, committed 87360K, reserved 1179648K
  class space    used 11574K, committed 12288K, reserved 1048576K
}

