# JRE version: Java(TM) SE Runtime Environment (21.0.5+9) (build 21.0.5+9-LTS-239)
# Java VM: Java HotSpot(TM) 64-Bit Server VM (21.0.5+9-LTS-239, mixed mode, emulated-client, sharing, tiered, compressed oops, compressed class ptrs, g1 gc, windows-amd64)
GC Precious Log:
 CardTable entry size: 512
 Card Set container configuration: InlinePtr #cards 4 size 8 Array Of Cards #cards 16 size 48 Howl #buckets 8 coarsen threshold 3686 Howl Bitmap #cards 512 size 80 coarsen threshold 460 Card regions per heap region 1 cards per card region 4096
 CPUs: 16 total, 16 available
 Memory: 16087M
 Large Page Support: Disabled
 NUMA Support: Disabled
 Compressed Oops: Enabled (Zero based)
 Heap Region Size: 2M
 Heap Min Capacity: 8M
 Heap Initial Capacity: 252M
 Heap Max Capacity: 4022M
 Pre-touch: Disabled
 Parallel Workers: 13
 Concurrent Workers: 3
 Concurrent Refinement Workers: 13
 Periodic GC: Disabled
Heap:
 garbage-first heap   total 198656K, used 111706K [0x0000000704a00000, 0x0000000800000000)
  region size 2048K, 30 young (61440K), 4 survivors (8192K)
 Metaspace       used 154101K, committed 156992K, reserved 1245184K
  class space    used 18011K, committed 19264K, reserved 1048576K
GC Heap History (20 events):
Event: 11184.517 GC heap after
{Heap after GC invocations=613 (full 130):
 garbage-first heap   total 157696K, used 60110K [0x0000000704a00000, 0x0000000800000000)
  region size 2048K, 5 young (10240K), 5 survivors (10240K)
 Metaspace       used 152500K, committed 155328K, reserved 1245184K
  class space    used 17865K, committed 19072K, reserved 1048576K
}
Event: 11258.039 GC heap before
{Heap before GC invocations=614 (full 130):
 garbage-first heap   total 157696K, used 106616K [0x0000000704a00000, 0x0000000800000000)
  region size 2048K, 29 young (59392K), 5 survivors (10240K)
 Metaspace       used 152502K, committed 155328K, reserved 1245184K
  class space    used 17866K, committed 19072K, reserved 1048576K
}
Event: 11258.087 GC heap after
{Heap after GC invocations=615 (full 131):
 garbage-first heap   total 157696K, used 54437K [0x0000000704a00000, 0x0000000800000000)
  region size 2048K, 0 young (0K), 0 survivors (0K)
 Metaspace       used 152502K, committed 155328K, reserved 1245184K
  class space    used 17866K, committed 19072K, reserved 1048576K
}
Event: 11258.117 GC heap before
{Heap before GC invocations=615 (full 131):
 garbage-first heap   total 157696K, used 58533K [0x0000000704a00000, 0x0000000800000000)
  region size 2048K, 3 young (6144K), 0 survivors (0K)
 Metaspace       used 152504K, committed 155328K, reserved 1245184K
  class space    used 17866K, committed 19072K, reserved 1048576K
}
Event: 11258.118 GC heap after
{Heap after GC invocations=616 (full 131):
 garbage-first heap   total 157696K, used 55783K [0x0000000704a00000, 0x0000000800000000)
  region size 2048K, 1 young (2048K), 1 survivors (2048K)
 Metaspace       used 152504K, committed 155328K, reserved 1245184K
  class space    used 17866K, committed 19072K, reserved 1048576K
}
Event: 11258.478 GC heap before
{Heap before GC invocations=617 (full 131):
 garbage-first heap   total 157696K, used 123367K [0x0000000704a00000, 0x0000000800000000)
  region size 2048K, 35 young (71680K), 1 survivors (2048K)
 Metaspace       used 153019K, committed 155840K, reserved 1245184K
  class space    used 17910K, committed 19136K, reserved 1048576K
}
Event: 11258.481 GC heap after
{Heap after GC invocations=618 (full 131):
 garbage-first heap   total 315392K, used 60426K [0x0000000704a00000, 0x0000000800000000)
  region size 2048K, 3 young (6144K), 3 survivors (6144K)
 Metaspace       used 153019K, committed 155840K, reserved 1245184K
  class space    used 17910K, committed 19136K, reserved 1048576K
}
Event: 11313.482 GC heap before
{Heap before GC invocations=618 (full 131):
 garbage-first heap   total 315392K, used 117770K [0x0000000704a00000, 0x0000000800000000)
  region size 2048K, 33 young (67584K), 3 survivors (6144K)
 Metaspace       used 153026K, committed 155840K, reserved 1245184K
  class space    used 17911K, committed 19136K, reserved 1048576K
}
Event: 11313.530 GC heap after
{Heap after GC invocations=619 (full 132):
 garbage-first heap   total 225280K, used 54682K [0x0000000704a00000, 0x0000000800000000)
  region size 2048K, 0 young (0K), 0 survivors (0K)
 Metaspace       used 153023K, committed 155840K, reserved 1245184K
  class space    used 17911K, committed 19136K, reserved 1048576K
}
Event: 11313.866 GC heap before
{Heap before GC invocations=619 (full 132):
 garbage-first heap   total 225280K, used 120218K [0x0000000704a00000, 0x0000000800000000)
  region size 2048K, 33 young (67584K), 0 survivors (0K)
 Metaspace       used 153378K, committed 156224K, reserved 1245184K
  class space    used 17945K, committed 19200K, reserved 1048576K
}
Event: 11313.869 GC heap after
{Heap after GC invocations=620 (full 132):
 garbage-first heap   total 225280K, used 59789K [0x0000000704a00000, 0x0000000800000000)
  region size 2048K, 3 young (6144K), 3 survivors (6144K)
 Metaspace       used 153378K, committed 156224K, reserved 1245184K
  class space    used 17945K, committed 19200K, reserved 1048576K
}
Event: 11350.400 GC heap before
{Heap before GC invocations=621 (full 132):
 garbage-first heap   total 225280K, used 113037K [0x0000000704a00000, 0x0000000800000000)
  region size 2048K, 30 young (61440K), 3 survivors (6144K)
 Metaspace       used 153540K, committed 156416K, reserved 1245184K
  class space    used 17956K, committed 19200K, reserved 1048576K
}
Event: 11350.445 GC heap after
{Heap after GC invocations=622 (full 133):
 garbage-first heap   total 198656K, used 52636K [0x0000000704a00000, 0x0000000800000000)
  region size 2048K, 0 young (0K), 0 survivors (0K)
 Metaspace       used 153537K, committed 156416K, reserved 1245184K
  class space    used 17955K, committed 19200K, reserved 1048576K
}
Event: 11350.459 GC heap before
{Heap before GC invocations=622 (full 133):
 garbage-first heap   total 198656K, used 54684K [0x0000000704a00000, 0x0000000800000000)
  region size 2048K, 2 young (4096K), 0 survivors (0K)
 Metaspace       used 153539K, committed 156416K, reserved 1245184K
  class space    used 17956K, committed 19200K, reserved 1048576K
}
Event: 11350.460 GC heap after
{Heap after GC invocations=623 (full 133):
 garbage-first heap   total 198656K, used 53579K [0x0000000704a00000, 0x0000000800000000)
  region size 2048K, 1 young (2048K), 1 survivors (2048K)
 Metaspace       used 153539K, committed 156416K, reserved 1245184K
  class space    used 17956K, committed 19200K, reserved 1048576K
}
Event: 11350.633 GC heap before
{Heap before GC invocations=624 (full 133):
 garbage-first heap   total 198656K, used 82251K [0x0000000704a00000, 0x0000000800000000)
  region size 2048K, 16 young (32768K), 1 survivors (2048K)
 Metaspace       used 153707K, committed 156544K, reserved 1245184K
  class space    used 17975K, committed 19200K, reserved 1048576K
}
Event: 11350.635 GC heap after
{Heap after GC invocations=625 (full 133):
 garbage-first heap   total 198656K, used 55866K [0x0000000704a00000, 0x0000000800000000)
  region size 2048K, 2 young (4096K), 2 survivors (4096K)
 Metaspace       used 153707K, committed 156544K, reserved 1245184K
  class space    used 17975K, committed 19200K, reserved 1048576K
}
Event: 11350.977 GC heap before
{Heap before GC invocations=626 (full 133):
 garbage-first heap   total 198656K, used 102970K [0x0000000704a00000, 0x0000000800000000)
  region size 2048K, 27 young (55296K), 2 survivors (4096K)
 Metaspace       used 154050K, committed 156864K, reserved 1245184K
  class space    used 17999K, committed 19200K, reserved 1048576K
}
Event: 11350.979 GC heap after
{Heap after GC invocations=627 (full 133):
 garbage-first heap   total 198656K, used 59400K [0x0000000704a00000, 0x0000000800000000)
  region size 2048K, 4 young (8192K), 4 survivors (8192K)
 Metaspace       used 154050K, committed 156864K, reserved 1245184K
  class space    used 17999K, committed 19200K, reserved 1048576K
}
Event: 11411.360 GC heap before
{Heap before GC invocations=628 (full 133):
 garbage-first heap   total 198656K, used 110600K [0x0000000704a00000, 0x0000000800000000)
  region size 2048K, 30 young (61440K), 4 survivors (8192K)
 Metaspace       used 154101K, committed 156992K, reserved 1245184K
  class space    used 18011K, committed 19264K, reserved 1048576K
}

