# JRE version: Java(TM) SE Runtime Environment (21.0.5+9) (build 21.0.5+9-LTS-239)
# Java VM: Java HotSpot(TM) 64-Bit Server VM (21.0.5+9-LTS-239, mixed mode, emulated-client, sharing, tiered, compressed oops, compressed class ptrs, g1 gc, windows-amd64)
GC Precious Log:
 CardTable entry size: 512
 Card Set container configuration: InlinePtr #cards 4 size 8 Array Of Cards #cards 16 size 48 Howl #buckets 8 coarsen threshold 3686 Howl Bitmap #cards 512 size 80 coarsen threshold 460 Card regions per heap region 1 cards per card region 4096
 CPUs: 16 total, 16 available
 Memory: 16087M
 Large Page Support: Disabled
 NUMA Support: Disabled
 Compressed Oops: Enabled (Zero based)
 Heap Region Size: 2M
 Heap Min Capacity: 8M
 Heap Initial Capacity: 252M
 Heap Max Capacity: 4022M
 Pre-touch: Disabled
 Parallel Workers: 13
 Concurrent Workers: 3
 Concurrent Refinement Workers: 13
 Periodic GC: Disabled
Heap:
 garbage-first heap   total 147456K, used 60064K [0x0000000704a00000, 0x0000000800000000)
  region size 2048K, 15 young (30720K), 5 survivors (10240K)
 Metaspace       used 89425K, committed 90432K, reserved 1179648K
  class space    used 12111K, committed 12608K, reserved 1048576K
GC Heap History (20 events):
Event: 1018.636 GC heap before
{Heap before GC invocations=75 (full 13):
 garbage-first heap   total 122880K, used 95505K [0x0000000704a00000, 0x0000000800000000)
  region size 2048K, 31 young (63488K), 0 survivors (0K)
 Metaspace       used 87179K, committed 88064K, reserved 1179648K
  class space    used 11934K, committed 12352K, reserved 1048576K
}
Event: 1018.638 GC heap after
{Heap after GC invocations=76 (full 13):
 garbage-first heap   total 122880K, used 38970K [0x0000000704a00000, 0x0000000800000000)
  region size 2048K, 3 young (6144K), 3 survivors (6144K)
 Metaspace       used 87179K, committed 88064K, reserved 1179648K
  class space    used 11934K, committed 12352K, reserved 1048576K
}
Event: 1048.003 GC heap before
{Heap before GC invocations=77 (full 13):
 garbage-first heap   total 122880K, used 77882K [0x0000000704a00000, 0x0000000800000000)
  region size 2048K, 24 young (49152K), 3 survivors (6144K)
 Metaspace       used 87365K, committed 88256K, reserved 1179648K
  class space    used 11947K, committed 12352K, reserved 1048576K
}
Event: 1048.005 GC heap after
{Heap after GC invocations=78 (full 13):
 garbage-first heap   total 122880K, used 42411K [0x0000000704a00000, 0x0000000800000000)
  region size 2048K, 3 young (6144K), 3 survivors (6144K)
 Metaspace       used 87365K, committed 88256K, reserved 1179648K
  class space    used 11947K, committed 12352K, reserved 1048576K
}
Event: 1351.463 GC heap before
{Heap before GC invocations=79 (full 13):
 garbage-first heap   total 122880K, used 97707K [0x0000000704a00000, 0x0000000800000000)
  region size 2048K, 30 young (61440K), 3 survivors (6144K)
 Metaspace       used 87365K, committed 88256K, reserved 1179648K
  class space    used 11947K, committed 12352K, reserved 1048576K
}
Event: 1351.466 GC heap after
{Heap after GC invocations=80 (full 13):
 garbage-first heap   total 122880K, used 42266K [0x0000000704a00000, 0x0000000800000000)
  region size 2048K, 1 young (2048K), 1 survivors (2048K)
 Metaspace       used 87365K, committed 88256K, reserved 1179648K
  class space    used 11947K, committed 12352K, reserved 1048576K
}
Event: 1448.331 GC heap before
{Heap before GC invocations=80 (full 13):
 garbage-first heap   total 122880K, used 56602K [0x0000000704a00000, 0x0000000800000000)
  region size 2048K, 9 young (18432K), 1 survivors (2048K)
 Metaspace       used 87556K, committed 88448K, reserved 1179648K
  class space    used 11949K, committed 12352K, reserved 1048576K
}
Event: 1448.359 GC heap after
{Heap after GC invocations=81 (full 14):
 garbage-first heap   total 122880K, used 33202K [0x0000000704a00000, 0x0000000800000000)
  region size 2048K, 0 young (0K), 0 survivors (0K)
 Metaspace       used 87483K, committed 88448K, reserved 1179648K
  class space    used 11934K, committed 12352K, reserved 1048576K
}
Event: 1448.709 GC heap before
{Heap before GC invocations=81 (full 14):
 garbage-first heap   total 122880K, used 98738K [0x0000000704a00000, 0x0000000800000000)
  region size 2048K, 33 young (67584K), 0 survivors (0K)
 Metaspace       used 87959K, committed 88960K, reserved 1179648K
  class space    used 12008K, committed 12480K, reserved 1048576K
}
Event: 1448.712 GC heap after
{Heap after GC invocations=82 (full 14):
 garbage-first heap   total 122880K, used 39502K [0x0000000704a00000, 0x0000000800000000)
  region size 2048K, 4 young (8192K), 4 survivors (8192K)
 Metaspace       used 87959K, committed 88960K, reserved 1179648K
  class space    used 12008K, committed 12480K, reserved 1048576K
}
Event: 1482.174 GC heap before
{Heap before GC invocations=83 (full 14):
 garbage-first heap   total 122880K, used 80462K [0x0000000704a00000, 0x0000000800000000)
  region size 2048K, 25 young (51200K), 4 survivors (8192K)
 Metaspace       used 88316K, committed 89280K, reserved 1179648K
  class space    used 12043K, committed 12480K, reserved 1048576K
}
Event: 1482.202 GC heap after
{Heap after GC invocations=84 (full 15):
 garbage-first heap   total 122880K, used 34306K [0x0000000704a00000, 0x0000000800000000)
  region size 2048K, 0 young (0K), 0 survivors (0K)
 Metaspace       used 88233K, committed 89280K, reserved 1179648K
  class space    used 12024K, committed 12480K, reserved 1048576K
}
Event: 1482.554 GC heap before
{Heap before GC invocations=84 (full 15):
 garbage-first heap   total 122880K, used 101890K [0x0000000704a00000, 0x0000000800000000)
  region size 2048K, 33 young (67584K), 0 survivors (0K)
 Metaspace       used 88638K, committed 89600K, reserved 1179648K
  class space    used 12069K, committed 12544K, reserved 1048576K
}
Event: 1482.556 GC heap after
{Heap after GC invocations=85 (full 15):
 garbage-first heap   total 122880K, used 39994K [0x0000000704a00000, 0x0000000800000000)
  region size 2048K, 3 young (6144K), 3 survivors (6144K)
 Metaspace       used 88638K, committed 89600K, reserved 1179648K
  class space    used 12069K, committed 12544K, reserved 1048576K
}
Event: 1600.749 GC heap before
{Heap before GC invocations=86 (full 15):
 garbage-first heap   total 122880K, used 87098K [0x0000000704a00000, 0x0000000800000000)
  region size 2048K, 27 young (55296K), 3 survivors (6144K)
 Metaspace       used 88863K, committed 89856K, reserved 1179648K
  class space    used 12079K, committed 12544K, reserved 1048576K
}
Event: 1600.779 GC heap after
{Heap after GC invocations=87 (full 16):
 garbage-first heap   total 122880K, used 34812K [0x0000000704a00000, 0x0000000800000000)
  region size 2048K, 0 young (0K), 0 survivors (0K)
 Metaspace       used 88860K, committed 89856K, reserved 1179648K
  class space    used 12078K, committed 12544K, reserved 1048576K
}
Event: 1601.103 GC heap before
{Heap before GC invocations=87 (full 16):
 garbage-first heap   total 122880K, used 98300K [0x0000000704a00000, 0x0000000800000000)
  region size 2048K, 32 young (65536K), 0 survivors (0K)
 Metaspace       used 89224K, committed 90176K, reserved 1179648K
  class space    used 12116K, committed 12544K, reserved 1048576K
}
Event: 1601.105 GC heap after
{Heap after GC invocations=88 (full 16):
 garbage-first heap   total 122880K, used 40043K [0x0000000704a00000, 0x0000000800000000)
  region size 2048K, 3 young (6144K), 3 survivors (6144K)
 Metaspace       used 89224K, committed 90176K, reserved 1179648K
  class space    used 12116K, committed 12544K, reserved 1048576K
}
Event: 1601.817 GC heap before
{Heap before GC invocations=89 (full 16):
 garbage-first heap   total 122880K, used 72811K [0x0000000704a00000, 0x0000000800000000)
  region size 2048K, 20 young (40960K), 3 survivors (6144K)
 Metaspace       used 89337K, committed 90304K, reserved 1179648K
  class space    used 12111K, committed 12608K, reserved 1048576K
}
Event: 1601.819 GC heap after
{Heap after GC invocations=90 (full 16):
 garbage-first heap   total 147456K, used 43680K [0x0000000704a00000, 0x0000000800000000)
  region size 2048K, 5 young (10240K), 5 survivors (10240K)
 Metaspace       used 89337K, committed 90304K, reserved 1179648K
  class space    used 12111K, committed 12608K, reserved 1048576K
}

